 main- INFO-[2013-10-14 09:18:28,835]-play.Logger.info(Logger.java:290)-Starting E:\iquant_ext\iquantServer
 main- INFO-[2013-10-14 09:18:30,975]-play.Logger.info(Logger.java:290)-Module redis is available (E:\javaTools\play1\modules\redis-0.3)
 main- INFO-[2013-10-14 09:18:30,975]-play.Logger.info(Logger.java:290)-Module guice is available (E:\javaTools\play1\modules\guice-1.2)
 main- INFO-[2013-10-14 09:18:30,975]-play.Logger.info(Logger.java:290)-Module iquantCommon is available (E:\iquant_ext\iquantServer\..\iquantCommon)
 main- WARN-[2013-10-14 09:18:32,288]-play.Logger.warn(Logger.java:345)-You're running Play! in DEV mode
 main- INFO-[2013-10-14 09:18:32,366]-play.Logger.info(Logger.java:290)-Listening for HTTP on port 9100 (Waiting a first request to start) ...
play-thread-1- INFO-[2013-10-14 09:18:41,820]-play.Logger.info(Logger.java:290)-Connecting to redis with redis://localhost:6379
play-thread-1- INFO-[2013-10-14 09:18:42,054]-play.Logger.info(Logger.java:290)-sql==/* mysql-connector-java-5.1.20 ( Revision: tonci.grgin@oracle.com-20111003110438-qfydx066wsbydkbw ) */SHOW VARIABLES WHERE Variable_name ='language' OR Variable_name = 'net_write_timeout' OR Variable_name = 'interactive_timeout' OR Variable_name = 'wait_timeout' OR Variable_name = 'character_set_client' OR Variable_name = 'character_set_connection' OR Variable_name = 'character_set' OR Variable_name = 'character_set_server' OR Variable_name = 'tx_isolation' OR Variable_name = 'transaction_isolation' OR Variable_name = 'character_set_results' OR Variable_name = 'timezone' OR Variable_name = 'time_zone' OR Variable_name = 'system_time_zone' OR Variable_name = 'lower_case_table_names' OR Variable_name = 'max_allowed_packet' OR Variable_name = 'net_buffer_length' OR Variable_name = 'sql_mode' OR Variable_name = 'query_cache_type' OR Variable_name = 'query_cache_size' OR Variable_name = 'init_connect'
play-thread-1- INFO-[2013-10-14 09:18:42,086]-play.Logger.info(Logger.java:290)-sql==/* mysql-connector-java-5.1.20 ( Revision: tonci.grgin@oracle.com-20111003110438-qfydx066wsbydkbw ) */SELECT @@session.auto_increment_increment
play-thread-1- INFO-[2013-10-14 09:18:42,086]-play.Logger.info(Logger.java:290)-sql==SHOW COLLATION
play-thread-1- INFO-[2013-10-14 09:18:42,101]-play.Logger.info(Logger.java:290)-sql==SET NAMES utf8
play-thread-1- INFO-[2013-10-14 09:18:42,101]-play.Logger.info(Logger.java:290)-sql==SET character_set_results = NULL
play-thread-1- INFO-[2013-10-14 09:18:42,101]-play.Logger.info(Logger.java:290)-sql==SET collation_connection = utf8_general_ci
play-thread-1- INFO-[2013-10-14 09:18:42,101]-play.Logger.info(Logger.java:290)-sql==SET autocommit=1
play-thread-1- INFO-[2013-10-14 09:18:42,101]-play.Logger.info(Logger.java:290)-sql==SET sql_mode='STRICT_TRANS_TABLES'
com.mchange.v2.async.ThreadPoolAsynchronousRunner$PoolThread-#2- INFO-[2013-10-14 09:18:42,367]-play.Logger.info(Logger.java:290)-sql==/* mysql-connector-java-5.1.20 ( Revision: tonci.grgin@oracle.com-20111003110438-qfydx066wsbydkbw ) */SHOW VARIABLES WHERE Variable_name ='language' OR Variable_name = 'net_write_timeout' OR Variable_name = 'interactive_timeout' OR Variable_name = 'wait_timeout' OR Variable_name = 'character_set_client' OR Variable_name = 'character_set_connection' OR Variable_name = 'character_set' OR Variable_name = 'character_set_server' OR Variable_name = 'tx_isolation' OR Variable_name = 'transaction_isolation' OR Variable_name = 'character_set_results' OR Variable_name = 'timezone' OR Variable_name = 'time_zone' OR Variable_name = 'system_time_zone' OR Variable_name = 'lower_case_table_names' OR Variable_name = 'max_allowed_packet' OR Variable_name = 'net_buffer_length' OR Variable_name = 'sql_mode' OR Variable_name = 'query_cache_type' OR Variable_name = 'query_cache_size' OR Variable_name = 'init_connect'
com.mchange.v2.async.ThreadPoolAsynchronousRunner$PoolThread-#0- INFO-[2013-10-14 09:18:42,367]-play.Logger.info(Logger.java:290)-sql==/* mysql-connector-java-5.1.20 ( Revision: tonci.grgin@oracle.com-20111003110438-qfydx066wsbydkbw ) */SHOW VARIABLES WHERE Variable_name ='language' OR Variable_name = 'net_write_timeout' OR Variable_name = 'interactive_timeout' OR Variable_name = 'wait_timeout' OR Variable_name = 'character_set_client' OR Variable_name = 'character_set_connection' OR Variable_name = 'character_set' OR Variable_name = 'character_set_server' OR Variable_name = 'tx_isolation' OR Variable_name = 'transaction_isolation' OR Variable_name = 'character_set_results' OR Variable_name = 'timezone' OR Variable_name = 'time_zone' OR Variable_name = 'system_time_zone' OR Variable_name = 'lower_case_table_names' OR Variable_name = 'max_allowed_packet' OR Variable_name = 'net_buffer_length' OR Variable_name = 'sql_mode' OR Variable_name = 'query_cache_type' OR Variable_name = 'query_cache_size' OR Variable_name = 'init_connect'
com.mchange.v2.async.ThreadPoolAsynchronousRunner$PoolThread-#1- INFO-[2013-10-14 09:18:42,367]-play.Logger.info(Logger.java:290)-sql==/* mysql-connector-java-5.1.20 ( Revision: tonci.grgin@oracle.com-20111003110438-qfydx066wsbydkbw ) */SHOW VARIABLES WHERE Variable_name ='language' OR Variable_name = 'net_write_timeout' OR Variable_name = 'interactive_timeout' OR Variable_name = 'wait_timeout' OR Variable_name = 'character_set_client' OR Variable_name = 'character_set_connection' OR Variable_name = 'character_set' OR Variable_name = 'character_set_server' OR Variable_name = 'tx_isolation' OR Variable_name = 'transaction_isolation' OR Variable_name = 'character_set_results' OR Variable_name = 'timezone' OR Variable_name = 'time_zone' OR Variable_name = 'system_time_zone' OR Variable_name = 'lower_case_table_names' OR Variable_name = 'max_allowed_packet' OR Variable_name = 'net_buffer_length' OR Variable_name = 'sql_mode' OR Variable_name = 'query_cache_type' OR Variable_name = 'query_cache_size' OR Variable_name = 'init_connect'
com.mchange.v2.async.ThreadPoolAsynchronousRunner$PoolThread-#2- INFO-[2013-10-14 09:18:42,383]-play.Logger.info(Logger.java:290)-sql==/* mysql-connector-java-5.1.20 ( Revision: tonci.grgin@oracle.com-20111003110438-qfydx066wsbydkbw ) */SELECT @@session.auto_increment_increment
com.mchange.v2.async.ThreadPoolAsynchronousRunner$PoolThread-#2- INFO-[2013-10-14 09:18:42,383]-play.Logger.info(Logger.java:290)-sql==SHOW COLLATION
com.mchange.v2.async.ThreadPoolAsynchronousRunner$PoolThread-#0- INFO-[2013-10-14 09:18:42,383]-play.Logger.info(Logger.java:290)-sql==/* mysql-connector-java-5.1.20 ( Revision: tonci.grgin@oracle.com-20111003110438-qfydx066wsbydkbw ) */SELECT @@session.auto_increment_increment
com.mchange.v2.async.ThreadPoolAsynchronousRunner$PoolThread-#1- INFO-[2013-10-14 09:18:42,383]-play.Logger.info(Logger.java:290)-sql==/* mysql-connector-java-5.1.20 ( Revision: tonci.grgin@oracle.com-20111003110438-qfydx066wsbydkbw ) */SELECT @@session.auto_increment_increment
com.mchange.v2.async.ThreadPoolAsynchronousRunner$PoolThread-#0- INFO-[2013-10-14 09:18:42,383]-play.Logger.info(Logger.java:290)-sql==SHOW COLLATION
com.mchange.v2.async.ThreadPoolAsynchronousRunner$PoolThread-#1- INFO-[2013-10-14 09:18:42,383]-play.Logger.info(Logger.java:290)-sql==SHOW COLLATION
com.mchange.v2.async.ThreadPoolAsynchronousRunner$PoolThread-#0- INFO-[2013-10-14 09:18:42,398]-play.Logger.info(Logger.java:290)-sql==SET NAMES utf8
com.mchange.v2.async.ThreadPoolAsynchronousRunner$PoolThread-#1- INFO-[2013-10-14 09:18:42,398]-play.Logger.info(Logger.java:290)-sql==SET NAMES utf8
com.mchange.v2.async.ThreadPoolAsynchronousRunner$PoolThread-#2- INFO-[2013-10-14 09:18:42,398]-play.Logger.info(Logger.java:290)-sql==SET NAMES utf8
com.mchange.v2.async.ThreadPoolAsynchronousRunner$PoolThread-#0- INFO-[2013-10-14 09:18:42,398]-play.Logger.info(Logger.java:290)-sql==SET character_set_results = NULL
com.mchange.v2.async.ThreadPoolAsynchronousRunner$PoolThread-#2- INFO-[2013-10-14 09:18:42,398]-play.Logger.info(Logger.java:290)-sql==SET character_set_results = NULL
com.mchange.v2.async.ThreadPoolAsynchronousRunner$PoolThread-#0- INFO-[2013-10-14 09:18:42,398]-play.Logger.info(Logger.java:290)-sql==SET collation_connection = utf8_general_ci
com.mchange.v2.async.ThreadPoolAsynchronousRunner$PoolThread-#2- INFO-[2013-10-14 09:18:42,398]-play.Logger.info(Logger.java:290)-sql==SET collation_connection = utf8_general_ci
com.mchange.v2.async.ThreadPoolAsynchronousRunner$PoolThread-#1- INFO-[2013-10-14 09:18:42,398]-play.Logger.info(Logger.java:290)-sql==SET character_set_results = NULL
com.mchange.v2.async.ThreadPoolAsynchronousRunner$PoolThread-#0- INFO-[2013-10-14 09:18:42,414]-play.Logger.info(Logger.java:290)-sql==SET autocommit=1
com.mchange.v2.async.ThreadPoolAsynchronousRunner$PoolThread-#2- INFO-[2013-10-14 09:18:42,414]-play.Logger.info(Logger.java:290)-sql==SET autocommit=1
com.mchange.v2.async.ThreadPoolAsynchronousRunner$PoolThread-#1- INFO-[2013-10-14 09:18:42,414]-play.Logger.info(Logger.java:290)-sql==SET collation_connection = utf8_general_ci
com.mchange.v2.async.ThreadPoolAsynchronousRunner$PoolThread-#0- INFO-[2013-10-14 09:18:42,414]-play.Logger.info(Logger.java:290)-sql==SET sql_mode='STRICT_TRANS_TABLES'
com.mchange.v2.async.ThreadPoolAsynchronousRunner$PoolThread-#1- INFO-[2013-10-14 09:18:42,414]-play.Logger.info(Logger.java:290)-sql==SET autocommit=1
com.mchange.v2.async.ThreadPoolAsynchronousRunner$PoolThread-#2- INFO-[2013-10-14 09:18:42,414]-play.Logger.info(Logger.java:290)-sql==SET sql_mode='STRICT_TRANS_TABLES'
com.mchange.v2.async.ThreadPoolAsynchronousRunner$PoolThread-#1- INFO-[2013-10-14 09:18:42,414]-play.Logger.info(Logger.java:290)-sql==SET sql_mode='STRICT_TRANS_TABLES'
com.mchange.v2.async.ThreadPoolAsynchronousRunner$PoolThread-#0- INFO-[2013-10-14 09:18:42,414]-play.Logger.info(Logger.java:290)-sql==SELECT @@session.tx_isolation
com.mchange.v2.async.ThreadPoolAsynchronousRunner$PoolThread-#2- INFO-[2013-10-14 09:18:42,414]-play.Logger.info(Logger.java:290)-sql==SELECT @@session.tx_isolation
com.mchange.v2.async.ThreadPoolAsynchronousRunner$PoolThread-#1- INFO-[2013-10-14 09:18:42,414]-play.Logger.info(Logger.java:290)-sql==SELECT @@session.tx_isolation
play-thread-1- INFO-[2013-10-14 09:18:42,429]-play.Logger.info(Logger.java:290)-Connected to jdbc:mysql://192.168.103.108/qic_db?useUnicode=yes&characterEncoding=UTF-8&zeroDateTimeBehavior=convertToNull&connectionCollation=utf8_general_ci&statementInterceptors=com.tom.mysql.ShowSqlStatementInterceptor
play-thread-1- INFO-[2013-10-14 09:18:42,429]-play.Logger.info(Logger.java:290)-sql==/* mysql-connector-java-5.1.20 ( Revision: tonci.grgin@oracle.com-20111003110438-qfydx066wsbydkbw ) */SHOW VARIABLES WHERE Variable_name ='language' OR Variable_name = 'net_write_timeout' OR Variable_name = 'interactive_timeout' OR Variable_name = 'wait_timeout' OR Variable_name = 'character_set_client' OR Variable_name = 'character_set_connection' OR Variable_name = 'character_set' OR Variable_name = 'character_set_server' OR Variable_name = 'tx_isolation' OR Variable_name = 'transaction_isolation' OR Variable_name = 'character_set_results' OR Variable_name = 'timezone' OR Variable_name = 'time_zone' OR Variable_name = 'system_time_zone' OR Variable_name = 'lower_case_table_names' OR Variable_name = 'max_allowed_packet' OR Variable_name = 'net_buffer_length' OR Variable_name = 'sql_mode' OR Variable_name = 'query_cache_type' OR Variable_name = 'query_cache_size' OR Variable_name = 'init_connect'
play-thread-1- INFO-[2013-10-14 09:18:42,429]-play.Logger.info(Logger.java:290)-sql==/* mysql-connector-java-5.1.20 ( Revision: tonci.grgin@oracle.com-20111003110438-qfydx066wsbydkbw ) */SELECT @@session.auto_increment_increment
play-thread-1- INFO-[2013-10-14 09:18:42,445]-play.Logger.info(Logger.java:290)-sql==SHOW COLLATION
play-thread-1- INFO-[2013-10-14 09:18:42,445]-play.Logger.info(Logger.java:290)-sql==SET NAMES utf8
play-thread-1- INFO-[2013-10-14 09:18:42,445]-play.Logger.info(Logger.java:290)-sql==SET character_set_results = NULL
play-thread-1- INFO-[2013-10-14 09:18:42,445]-play.Logger.info(Logger.java:290)-sql==SET collation_connection = utf8_general_ci
play-thread-1- INFO-[2013-10-14 09:18:42,445]-play.Logger.info(Logger.java:290)-sql==SET autocommit=1
play-thread-1- INFO-[2013-10-14 09:18:42,445]-play.Logger.info(Logger.java:290)-sql==SET sql_mode='STRICT_TRANS_TABLES'
com.mchange.v2.async.ThreadPoolAsynchronousRunner$PoolThread-#0- INFO-[2013-10-14 09:18:42,461]-play.Logger.info(Logger.java:290)-sql==/* mysql-connector-java-5.1.20 ( Revision: tonci.grgin@oracle.com-20111003110438-qfydx066wsbydkbw ) */SHOW VARIABLES WHERE Variable_name ='language' OR Variable_name = 'net_write_timeout' OR Variable_name = 'interactive_timeout' OR Variable_name = 'wait_timeout' OR Variable_name = 'character_set_client' OR Variable_name = 'character_set_connection' OR Variable_name = 'character_set' OR Variable_name = 'character_set_server' OR Variable_name = 'tx_isolation' OR Variable_name = 'transaction_isolation' OR Variable_name = 'character_set_results' OR Variable_name = 'timezone' OR Variable_name = 'time_zone' OR Variable_name = 'system_time_zone' OR Variable_name = 'lower_case_table_names' OR Variable_name = 'max_allowed_packet' OR Variable_name = 'net_buffer_length' OR Variable_name = 'sql_mode' OR Variable_name = 'query_cache_type' OR Variable_name = 'query_cache_size' OR Variable_name = 'init_connect'
com.mchange.v2.async.ThreadPoolAsynchronousRunner$PoolThread-#1- INFO-[2013-10-14 09:18:42,461]-play.Logger.info(Logger.java:290)-sql==/* mysql-connector-java-5.1.20 ( Revision: tonci.grgin@oracle.com-20111003110438-qfydx066wsbydkbw ) */SHOW VARIABLES WHERE Variable_name ='language' OR Variable_name = 'net_write_timeout' OR Variable_name = 'interactive_timeout' OR Variable_name = 'wait_timeout' OR Variable_name = 'character_set_client' OR Variable_name = 'character_set_connection' OR Variable_name = 'character_set' OR Variable_name = 'character_set_server' OR Variable_name = 'tx_isolation' OR Variable_name = 'transaction_isolation' OR Variable_name = 'character_set_results' OR Variable_name = 'timezone' OR Variable_name = 'time_zone' OR Variable_name = 'system_time_zone' OR Variable_name = 'lower_case_table_names' OR Variable_name = 'max_allowed_packet' OR Variable_name = 'net_buffer_length' OR Variable_name = 'sql_mode' OR Variable_name = 'query_cache_type' OR Variable_name = 'query_cache_size' OR Variable_name = 'init_connect'
com.mchange.v2.async.ThreadPoolAsynchronousRunner$PoolThread-#2- INFO-[2013-10-14 09:18:42,461]-play.Logger.info(Logger.java:290)-sql==/* mysql-connector-java-5.1.20 ( Revision: tonci.grgin@oracle.com-20111003110438-qfydx066wsbydkbw ) */SHOW VARIABLES WHERE Variable_name ='language' OR Variable_name = 'net_write_timeout' OR Variable_name = 'interactive_timeout' OR Variable_name = 'wait_timeout' OR Variable_name = 'character_set_client' OR Variable_name = 'character_set_connection' OR Variable_name = 'character_set' OR Variable_name = 'character_set_server' OR Variable_name = 'tx_isolation' OR Variable_name = 'transaction_isolation' OR Variable_name = 'character_set_results' OR Variable_name = 'timezone' OR Variable_name = 'time_zone' OR Variable_name = 'system_time_zone' OR Variable_name = 'lower_case_table_names' OR Variable_name = 'max_allowed_packet' OR Variable_name = 'net_buffer_length' OR Variable_name = 'sql_mode' OR Variable_name = 'query_cache_type' OR Variable_name = 'query_cache_size' OR Variable_name = 'init_connect'
com.mchange.v2.async.ThreadPoolAsynchronousRunner$PoolThread-#0- INFO-[2013-10-14 09:18:42,461]-play.Logger.info(Logger.java:290)-sql==/* mysql-connector-java-5.1.20 ( Revision: tonci.grgin@oracle.com-20111003110438-qfydx066wsbydkbw ) */SELECT @@session.auto_increment_increment
com.mchange.v2.async.ThreadPoolAsynchronousRunner$PoolThread-#1- INFO-[2013-10-14 09:18:42,461]-play.Logger.info(Logger.java:290)-sql==/* mysql-connector-java-5.1.20 ( Revision: tonci.grgin@oracle.com-20111003110438-qfydx066wsbydkbw ) */SELECT @@session.auto_increment_increment
com.mchange.v2.async.ThreadPoolAsynchronousRunner$PoolThread-#0- INFO-[2013-10-14 09:18:42,461]-play.Logger.info(Logger.java:290)-sql==SHOW COLLATION
com.mchange.v2.async.ThreadPoolAsynchronousRunner$PoolThread-#1- INFO-[2013-10-14 09:18:42,461]-play.Logger.info(Logger.java:290)-sql==SHOW COLLATION
com.mchange.v2.async.ThreadPoolAsynchronousRunner$PoolThread-#2- INFO-[2013-10-14 09:18:42,461]-play.Logger.info(Logger.java:290)-sql==/* mysql-connector-java-5.1.20 ( Revision: tonci.grgin@oracle.com-20111003110438-qfydx066wsbydkbw ) */SELECT @@session.auto_increment_increment
com.mchange.v2.async.ThreadPoolAsynchronousRunner$PoolThread-#2- INFO-[2013-10-14 09:18:42,476]-play.Logger.info(Logger.java:290)-sql==SHOW COLLATION
com.mchange.v2.async.ThreadPoolAsynchronousRunner$PoolThread-#0- INFO-[2013-10-14 09:18:42,476]-play.Logger.info(Logger.java:290)-sql==SET NAMES utf8
com.mchange.v2.async.ThreadPoolAsynchronousRunner$PoolThread-#1- INFO-[2013-10-14 09:18:42,476]-play.Logger.info(Logger.java:290)-sql==SET NAMES utf8
com.mchange.v2.async.ThreadPoolAsynchronousRunner$PoolThread-#2- INFO-[2013-10-14 09:18:42,476]-play.Logger.info(Logger.java:290)-sql==SET NAMES utf8
com.mchange.v2.async.ThreadPoolAsynchronousRunner$PoolThread-#0- INFO-[2013-10-14 09:18:42,476]-play.Logger.info(Logger.java:290)-sql==SET character_set_results = NULL
com.mchange.v2.async.ThreadPoolAsynchronousRunner$PoolThread-#2- INFO-[2013-10-14 09:18:42,476]-play.Logger.info(Logger.java:290)-sql==SET character_set_results = NULL
com.mchange.v2.async.ThreadPoolAsynchronousRunner$PoolThread-#0- INFO-[2013-10-14 09:18:42,476]-play.Logger.info(Logger.java:290)-sql==SET collation_connection = utf8_general_ci
com.mchange.v2.async.ThreadPoolAsynchronousRunner$PoolThread-#2- INFO-[2013-10-14 09:18:42,476]-play.Logger.info(Logger.java:290)-sql==SET collation_connection = utf8_general_ci
com.mchange.v2.async.ThreadPoolAsynchronousRunner$PoolThread-#0- INFO-[2013-10-14 09:18:42,476]-play.Logger.info(Logger.java:290)-sql==SET autocommit=1
com.mchange.v2.async.ThreadPoolAsynchronousRunner$PoolThread-#2- INFO-[2013-10-14 09:18:42,476]-play.Logger.info(Logger.java:290)-sql==SET autocommit=1
com.mchange.v2.async.ThreadPoolAsynchronousRunner$PoolThread-#0- INFO-[2013-10-14 09:18:42,476]-play.Logger.info(Logger.java:290)-sql==SET sql_mode='STRICT_TRANS_TABLES'
com.mchange.v2.async.ThreadPoolAsynchronousRunner$PoolThread-#2- INFO-[2013-10-14 09:18:42,476]-play.Logger.info(Logger.java:290)-sql==SET sql_mode='STRICT_TRANS_TABLES'
com.mchange.v2.async.ThreadPoolAsynchronousRunner$PoolThread-#0- INFO-[2013-10-14 09:18:42,476]-play.Logger.info(Logger.java:290)-sql==SELECT @@session.tx_isolation
com.mchange.v2.async.ThreadPoolAsynchronousRunner$PoolThread-#1- INFO-[2013-10-14 09:18:42,476]-play.Logger.info(Logger.java:290)-sql==SET character_set_results = NULL
com.mchange.v2.async.ThreadPoolAsynchronousRunner$PoolThread-#2- INFO-[2013-10-14 09:18:42,476]-play.Logger.info(Logger.java:290)-sql==SELECT @@session.tx_isolation
com.mchange.v2.async.ThreadPoolAsynchronousRunner$PoolThread-#1- INFO-[2013-10-14 09:18:42,476]-play.Logger.info(Logger.java:290)-sql==SET collation_connection = utf8_general_ci
play-thread-1- INFO-[2013-10-14 09:18:42,476]-play.Logger.info(Logger.java:290)-Connected to jdbc:mysql://192.168.103.108/qicore?useUnicode=yes&characterEncoding=UTF-8&connectionCollation=utf8_general_ci&zeroDateTimeBehavior=convertToNull&statementInterceptors=com.tom.mysql.ShowSqlStatementInterceptor
com.mchange.v2.async.ThreadPoolAsynchronousRunner$PoolThread-#1- INFO-[2013-10-14 09:18:42,492]-play.Logger.info(Logger.java:290)-sql==SET autocommit=1
play-thread-1- INFO-[2013-10-14 09:18:42,492]-play.Logger.info(Logger.java:290)-sql==/* mysql-connector-java-5.1.20 ( Revision: tonci.grgin@oracle.com-20111003110438-qfydx066wsbydkbw ) */SHOW VARIABLES WHERE Variable_name ='language' OR Variable_name = 'net_write_timeout' OR Variable_name = 'interactive_timeout' OR Variable_name = 'wait_timeout' OR Variable_name = 'character_set_client' OR Variable_name = 'character_set_connection' OR Variable_name = 'character_set' OR Variable_name = 'character_set_server' OR Variable_name = 'tx_isolation' OR Variable_name = 'transaction_isolation' OR Variable_name = 'character_set_results' OR Variable_name = 'timezone' OR Variable_name = 'time_zone' OR Variable_name = 'system_time_zone' OR Variable_name = 'lower_case_table_names' OR Variable_name = 'max_allowed_packet' OR Variable_name = 'net_buffer_length' OR Variable_name = 'sql_mode' OR Variable_name = 'query_cache_type' OR Variable_name = 'query_cache_size' OR Variable_name = 'init_connect'
com.mchange.v2.async.ThreadPoolAsynchronousRunner$PoolThread-#1- INFO-[2013-10-14 09:18:42,492]-play.Logger.info(Logger.java:290)-sql==SET sql_mode='STRICT_TRANS_TABLES'
com.mchange.v2.async.ThreadPoolAsynchronousRunner$PoolThread-#1- INFO-[2013-10-14 09:18:42,492]-play.Logger.info(Logger.java:290)-sql==SELECT @@session.tx_isolation
play-thread-1- INFO-[2013-10-14 09:18:42,492]-play.Logger.info(Logger.java:290)-sql==/* mysql-connector-java-5.1.20 ( Revision: tonci.grgin@oracle.com-20111003110438-qfydx066wsbydkbw ) */SELECT @@session.auto_increment_increment
play-thread-1- INFO-[2013-10-14 09:18:42,492]-play.Logger.info(Logger.java:290)-sql==SHOW COLLATION
play-thread-1- INFO-[2013-10-14 09:18:42,492]-play.Logger.info(Logger.java:290)-sql==SET NAMES utf8
play-thread-1- INFO-[2013-10-14 09:18:42,492]-play.Logger.info(Logger.java:290)-sql==SET character_set_results = NULL
play-thread-1- INFO-[2013-10-14 09:18:42,492]-play.Logger.info(Logger.java:290)-sql==SET collation_connection = utf8_general_ci
play-thread-1- INFO-[2013-10-14 09:18:42,492]-play.Logger.info(Logger.java:290)-sql==SET autocommit=1
play-thread-1- INFO-[2013-10-14 09:18:42,492]-play.Logger.info(Logger.java:290)-sql==SET sql_mode='STRICT_TRANS_TABLES'
com.mchange.v2.async.ThreadPoolAsynchronousRunner$PoolThread-#1- INFO-[2013-10-14 09:18:42,508]-play.Logger.info(Logger.java:290)-sql==/* mysql-connector-java-5.1.20 ( Revision: tonci.grgin@oracle.com-20111003110438-qfydx066wsbydkbw ) */SHOW VARIABLES WHERE Variable_name ='language' OR Variable_name = 'net_write_timeout' OR Variable_name = 'interactive_timeout' OR Variable_name = 'wait_timeout' OR Variable_name = 'character_set_client' OR Variable_name = 'character_set_connection' OR Variable_name = 'character_set' OR Variable_name = 'character_set_server' OR Variable_name = 'tx_isolation' OR Variable_name = 'transaction_isolation' OR Variable_name = 'character_set_results' OR Variable_name = 'timezone' OR Variable_name = 'time_zone' OR Variable_name = 'system_time_zone' OR Variable_name = 'lower_case_table_names' OR Variable_name = 'max_allowed_packet' OR Variable_name = 'net_buffer_length' OR Variable_name = 'sql_mode' OR Variable_name = 'query_cache_type' OR Variable_name = 'query_cache_size' OR Variable_name = 'init_connect'
com.mchange.v2.async.ThreadPoolAsynchronousRunner$PoolThread-#2- INFO-[2013-10-14 09:18:42,508]-play.Logger.info(Logger.java:290)-sql==/* mysql-connector-java-5.1.20 ( Revision: tonci.grgin@oracle.com-20111003110438-qfydx066wsbydkbw ) */SHOW VARIABLES WHERE Variable_name ='language' OR Variable_name = 'net_write_timeout' OR Variable_name = 'interactive_timeout' OR Variable_name = 'wait_timeout' OR Variable_name = 'character_set_client' OR Variable_name = 'character_set_connection' OR Variable_name = 'character_set' OR Variable_name = 'character_set_server' OR Variable_name = 'tx_isolation' OR Variable_name = 'transaction_isolation' OR Variable_name = 'character_set_results' OR Variable_name = 'timezone' OR Variable_name = 'time_zone' OR Variable_name = 'system_time_zone' OR Variable_name = 'lower_case_table_names' OR Variable_name = 'max_allowed_packet' OR Variable_name = 'net_buffer_length' OR Variable_name = 'sql_mode' OR Variable_name = 'query_cache_type' OR Variable_name = 'query_cache_size' OR Variable_name = 'init_connect'
com.mchange.v2.async.ThreadPoolAsynchronousRunner$PoolThread-#0- INFO-[2013-10-14 09:18:42,508]-play.Logger.info(Logger.java:290)-sql==/* mysql-connector-java-5.1.20 ( Revision: tonci.grgin@oracle.com-20111003110438-qfydx066wsbydkbw ) */SHOW VARIABLES WHERE Variable_name ='language' OR Variable_name = 'net_write_timeout' OR Variable_name = 'interactive_timeout' OR Variable_name = 'wait_timeout' OR Variable_name = 'character_set_client' OR Variable_name = 'character_set_connection' OR Variable_name = 'character_set' OR Variable_name = 'character_set_server' OR Variable_name = 'tx_isolation' OR Variable_name = 'transaction_isolation' OR Variable_name = 'character_set_results' OR Variable_name = 'timezone' OR Variable_name = 'time_zone' OR Variable_name = 'system_time_zone' OR Variable_name = 'lower_case_table_names' OR Variable_name = 'max_allowed_packet' OR Variable_name = 'net_buffer_length' OR Variable_name = 'sql_mode' OR Variable_name = 'query_cache_type' OR Variable_name = 'query_cache_size' OR Variable_name = 'init_connect'
com.mchange.v2.async.ThreadPoolAsynchronousRunner$PoolThread-#1- INFO-[2013-10-14 09:18:42,523]-play.Logger.info(Logger.java:290)-sql==/* mysql-connector-java-5.1.20 ( Revision: tonci.grgin@oracle.com-20111003110438-qfydx066wsbydkbw ) */SELECT @@session.auto_increment_increment
com.mchange.v2.async.ThreadPoolAsynchronousRunner$PoolThread-#1- INFO-[2013-10-14 09:18:42,523]-play.Logger.info(Logger.java:290)-sql==SHOW COLLATION
com.mchange.v2.async.ThreadPoolAsynchronousRunner$PoolThread-#2- INFO-[2013-10-14 09:18:42,523]-play.Logger.info(Logger.java:290)-sql==/* mysql-connector-java-5.1.20 ( Revision: tonci.grgin@oracle.com-20111003110438-qfydx066wsbydkbw ) */SELECT @@session.auto_increment_increment
com.mchange.v2.async.ThreadPoolAsynchronousRunner$PoolThread-#0- INFO-[2013-10-14 09:18:42,523]-play.Logger.info(Logger.java:290)-sql==/* mysql-connector-java-5.1.20 ( Revision: tonci.grgin@oracle.com-20111003110438-qfydx066wsbydkbw ) */SELECT @@session.auto_increment_increment
com.mchange.v2.async.ThreadPoolAsynchronousRunner$PoolThread-#1- INFO-[2013-10-14 09:18:42,523]-play.Logger.info(Logger.java:290)-sql==SET NAMES utf8
com.mchange.v2.async.ThreadPoolAsynchronousRunner$PoolThread-#2- INFO-[2013-10-14 09:18:42,523]-play.Logger.info(Logger.java:290)-sql==SHOW COLLATION
com.mchange.v2.async.ThreadPoolAsynchronousRunner$PoolThread-#1- INFO-[2013-10-14 09:18:42,523]-play.Logger.info(Logger.java:290)-sql==SET character_set_results = NULL
com.mchange.v2.async.ThreadPoolAsynchronousRunner$PoolThread-#0- INFO-[2013-10-14 09:18:42,523]-play.Logger.info(Logger.java:290)-sql==SHOW COLLATION
com.mchange.v2.async.ThreadPoolAsynchronousRunner$PoolThread-#1- INFO-[2013-10-14 09:18:42,523]-play.Logger.info(Logger.java:290)-sql==SET collation_connection = utf8_general_ci
com.mchange.v2.async.ThreadPoolAsynchronousRunner$PoolThread-#1- INFO-[2013-10-14 09:18:42,523]-play.Logger.info(Logger.java:290)-sql==SET autocommit=1
com.mchange.v2.async.ThreadPoolAsynchronousRunner$PoolThread-#2- INFO-[2013-10-14 09:18:42,523]-play.Logger.info(Logger.java:290)-sql==SET NAMES utf8
com.mchange.v2.async.ThreadPoolAsynchronousRunner$PoolThread-#1- INFO-[2013-10-14 09:18:42,523]-play.Logger.info(Logger.java:290)-sql==SET sql_mode='STRICT_TRANS_TABLES'
com.mchange.v2.async.ThreadPoolAsynchronousRunner$PoolThread-#2- INFO-[2013-10-14 09:18:42,523]-play.Logger.info(Logger.java:290)-sql==SET character_set_results = NULL
com.mchange.v2.async.ThreadPoolAsynchronousRunner$PoolThread-#1- INFO-[2013-10-14 09:18:42,523]-play.Logger.info(Logger.java:290)-sql==SELECT @@session.tx_isolation
com.mchange.v2.async.ThreadPoolAsynchronousRunner$PoolThread-#0- INFO-[2013-10-14 09:18:42,523]-play.Logger.info(Logger.java:290)-sql==SET NAMES utf8
com.mchange.v2.async.ThreadPoolAsynchronousRunner$PoolThread-#2- INFO-[2013-10-14 09:18:42,523]-play.Logger.info(Logger.java:290)-sql==SET collation_connection = utf8_general_ci
com.mchange.v2.async.ThreadPoolAsynchronousRunner$PoolThread-#0- INFO-[2013-10-14 09:18:42,539]-play.Logger.info(Logger.java:290)-sql==SET character_set_results = NULL
play-thread-1- INFO-[2013-10-14 09:18:42,539]-play.Logger.info(Logger.java:290)-Connected to jdbc:mysql://192.168.103.108/gta_data?useUnicode=yes&characterEncoding=UTF-8&connectionCollation=utf8_general_ci&zeroDateTimeBehavior=convertToNull&statementInterceptors=com.tom.mysql.ShowSqlStatementInterceptor
com.mchange.v2.async.ThreadPoolAsynchronousRunner$PoolThread-#2- INFO-[2013-10-14 09:18:42,539]-play.Logger.info(Logger.java:290)-sql==SET autocommit=1
com.mchange.v2.async.ThreadPoolAsynchronousRunner$PoolThread-#0- INFO-[2013-10-14 09:18:42,539]-play.Logger.info(Logger.java:290)-sql==SET collation_connection = utf8_general_ci
com.mchange.v2.async.ThreadPoolAsynchronousRunner$PoolThread-#2- INFO-[2013-10-14 09:18:42,539]-play.Logger.info(Logger.java:290)-sql==SET sql_mode='STRICT_TRANS_TABLES'
com.mchange.v2.async.ThreadPoolAsynchronousRunner$PoolThread-#0- INFO-[2013-10-14 09:18:42,539]-play.Logger.info(Logger.java:290)-sql==SET autocommit=1
com.mchange.v2.async.ThreadPoolAsynchronousRunner$PoolThread-#2- INFO-[2013-10-14 09:18:42,539]-play.Logger.info(Logger.java:290)-sql==SELECT @@session.tx_isolation
com.mchange.v2.async.ThreadPoolAsynchronousRunner$PoolThread-#0- INFO-[2013-10-14 09:18:42,539]-play.Logger.info(Logger.java:290)-sql==SET sql_mode='STRICT_TRANS_TABLES'
play-thread-1- INFO-[2013-10-14 09:18:42,539]-play.Logger.info(Logger.java:290)-sql==/* mysql-connector-java-5.1.20 ( Revision: tonci.grgin@oracle.com-20111003110438-qfydx066wsbydkbw ) */SHOW VARIABLES WHERE Variable_name ='language' OR Variable_name = 'net_write_timeout' OR Variable_name = 'interactive_timeout' OR Variable_name = 'wait_timeout' OR Variable_name = 'character_set_client' OR Variable_name = 'character_set_connection' OR Variable_name = 'character_set' OR Variable_name = 'character_set_server' OR Variable_name = 'tx_isolation' OR Variable_name = 'transaction_isolation' OR Variable_name = 'character_set_results' OR Variable_name = 'timezone' OR Variable_name = 'time_zone' OR Variable_name = 'system_time_zone' OR Variable_name = 'lower_case_table_names' OR Variable_name = 'max_allowed_packet' OR Variable_name = 'net_buffer_length' OR Variable_name = 'sql_mode' OR Variable_name = 'query_cache_type' OR Variable_name = 'query_cache_size' OR Variable_name = 'init_connect'
com.mchange.v2.async.ThreadPoolAsynchronousRunner$PoolThread-#0- INFO-[2013-10-14 09:18:42,539]-play.Logger.info(Logger.java:290)-sql==SELECT @@session.tx_isolation
play-thread-1- INFO-[2013-10-14 09:18:42,539]-play.Logger.info(Logger.java:290)-sql==/* mysql-connector-java-5.1.20 ( Revision: tonci.grgin@oracle.com-20111003110438-qfydx066wsbydkbw ) */SELECT @@session.auto_increment_increment
play-thread-1- INFO-[2013-10-14 09:18:42,539]-play.Logger.info(Logger.java:290)-sql==SHOW COLLATION
play-thread-1- INFO-[2013-10-14 09:18:42,539]-play.Logger.info(Logger.java:290)-sql==SET NAMES utf8
play-thread-1- INFO-[2013-10-14 09:18:42,539]-play.Logger.info(Logger.java:290)-sql==SET character_set_results = NULL
play-thread-1- INFO-[2013-10-14 09:18:42,539]-play.Logger.info(Logger.java:290)-sql==SET collation_connection = utf8_general_ci
play-thread-1- INFO-[2013-10-14 09:18:42,555]-play.Logger.info(Logger.java:290)-sql==SET autocommit=1
play-thread-1- INFO-[2013-10-14 09:18:42,555]-play.Logger.info(Logger.java:290)-sql==SET sql_mode='STRICT_TRANS_TABLES'
com.mchange.v2.async.ThreadPoolAsynchronousRunner$PoolThread-#0- INFO-[2013-10-14 09:18:42,570]-play.Logger.info(Logger.java:290)-sql==/* mysql-connector-java-5.1.20 ( Revision: tonci.grgin@oracle.com-20111003110438-qfydx066wsbydkbw ) */SHOW VARIABLES WHERE Variable_name ='language' OR Variable_name = 'net_write_timeout' OR Variable_name = 'interactive_timeout' OR Variable_name = 'wait_timeout' OR Variable_name = 'character_set_client' OR Variable_name = 'character_set_connection' OR Variable_name = 'character_set' OR Variable_name = 'character_set_server' OR Variable_name = 'tx_isolation' OR Variable_name = 'transaction_isolation' OR Variable_name = 'character_set_results' OR Variable_name = 'timezone' OR Variable_name = 'time_zone' OR Variable_name = 'system_time_zone' OR Variable_name = 'lower_case_table_names' OR Variable_name = 'max_allowed_packet' OR Variable_name = 'net_buffer_length' OR Variable_name = 'sql_mode' OR Variable_name = 'query_cache_type' OR Variable_name = 'query_cache_size' OR Variable_name = 'init_connect'
com.mchange.v2.async.ThreadPoolAsynchronousRunner$PoolThread-#1- INFO-[2013-10-14 09:18:42,570]-play.Logger.info(Logger.java:290)-sql==/* mysql-connector-java-5.1.20 ( Revision: tonci.grgin@oracle.com-20111003110438-qfydx066wsbydkbw ) */SHOW VARIABLES WHERE Variable_name ='language' OR Variable_name = 'net_write_timeout' OR Variable_name = 'interactive_timeout' OR Variable_name = 'wait_timeout' OR Variable_name = 'character_set_client' OR Variable_name = 'character_set_connection' OR Variable_name = 'character_set' OR Variable_name = 'character_set_server' OR Variable_name = 'tx_isolation' OR Variable_name = 'transaction_isolation' OR Variable_name = 'character_set_results' OR Variable_name = 'timezone' OR Variable_name = 'time_zone' OR Variable_name = 'system_time_zone' OR Variable_name = 'lower_case_table_names' OR Variable_name = 'max_allowed_packet' OR Variable_name = 'net_buffer_length' OR Variable_name = 'sql_mode' OR Variable_name = 'query_cache_type' OR Variable_name = 'query_cache_size' OR Variable_name = 'init_connect'
com.mchange.v2.async.ThreadPoolAsynchronousRunner$PoolThread-#2- INFO-[2013-10-14 09:18:42,570]-play.Logger.info(Logger.java:290)-sql==/* mysql-connector-java-5.1.20 ( Revision: tonci.grgin@oracle.com-20111003110438-qfydx066wsbydkbw ) */SHOW VARIABLES WHERE Variable_name ='language' OR Variable_name = 'net_write_timeout' OR Variable_name = 'interactive_timeout' OR Variable_name = 'wait_timeout' OR Variable_name = 'character_set_client' OR Variable_name = 'character_set_connection' OR Variable_name = 'character_set' OR Variable_name = 'character_set_server' OR Variable_name = 'tx_isolation' OR Variable_name = 'transaction_isolation' OR Variable_name = 'character_set_results' OR Variable_name = 'timezone' OR Variable_name = 'time_zone' OR Variable_name = 'system_time_zone' OR Variable_name = 'lower_case_table_names' OR Variable_name = 'max_allowed_packet' OR Variable_name = 'net_buffer_length' OR Variable_name = 'sql_mode' OR Variable_name = 'query_cache_type' OR Variable_name = 'query_cache_size' OR Variable_name = 'init_connect'
com.mchange.v2.async.ThreadPoolAsynchronousRunner$PoolThread-#0- INFO-[2013-10-14 09:18:42,586]-play.Logger.info(Logger.java:290)-sql==/* mysql-connector-java-5.1.20 ( Revision: tonci.grgin@oracle.com-20111003110438-qfydx066wsbydkbw ) */SELECT @@session.auto_increment_increment
com.mchange.v2.async.ThreadPoolAsynchronousRunner$PoolThread-#1- INFO-[2013-10-14 09:18:42,570]-play.Logger.info(Logger.java:290)-sql==/* mysql-connector-java-5.1.20 ( Revision: tonci.grgin@oracle.com-20111003110438-qfydx066wsbydkbw ) */SELECT @@session.auto_increment_increment
com.mchange.v2.async.ThreadPoolAsynchronousRunner$PoolThread-#2- INFO-[2013-10-14 09:18:42,586]-play.Logger.info(Logger.java:290)-sql==/* mysql-connector-java-5.1.20 ( Revision: tonci.grgin@oracle.com-20111003110438-qfydx066wsbydkbw ) */SELECT @@session.auto_increment_increment
com.mchange.v2.async.ThreadPoolAsynchronousRunner$PoolThread-#1- INFO-[2013-10-14 09:18:42,586]-play.Logger.info(Logger.java:290)-sql==SHOW COLLATION
com.mchange.v2.async.ThreadPoolAsynchronousRunner$PoolThread-#0- INFO-[2013-10-14 09:18:42,586]-play.Logger.info(Logger.java:290)-sql==SHOW COLLATION
com.mchange.v2.async.ThreadPoolAsynchronousRunner$PoolThread-#2- INFO-[2013-10-14 09:18:42,586]-play.Logger.info(Logger.java:290)-sql==SHOW COLLATION
com.mchange.v2.async.ThreadPoolAsynchronousRunner$PoolThread-#1- INFO-[2013-10-14 09:18:42,586]-play.Logger.info(Logger.java:290)-sql==SET NAMES utf8
com.mchange.v2.async.ThreadPoolAsynchronousRunner$PoolThread-#1- INFO-[2013-10-14 09:18:42,586]-play.Logger.info(Logger.java:290)-sql==SET character_set_results = NULL
com.mchange.v2.async.ThreadPoolAsynchronousRunner$PoolThread-#1- INFO-[2013-10-14 09:18:42,586]-play.Logger.info(Logger.java:290)-sql==SET collation_connection = utf8_general_ci
com.mchange.v2.async.ThreadPoolAsynchronousRunner$PoolThread-#0- INFO-[2013-10-14 09:18:42,586]-play.Logger.info(Logger.java:290)-sql==SET NAMES utf8
com.mchange.v2.async.ThreadPoolAsynchronousRunner$PoolThread-#0- INFO-[2013-10-14 09:18:42,586]-play.Logger.info(Logger.java:290)-sql==SET character_set_results = NULL
com.mchange.v2.async.ThreadPoolAsynchronousRunner$PoolThread-#1- INFO-[2013-10-14 09:18:42,586]-play.Logger.info(Logger.java:290)-sql==SET autocommit=1
com.mchange.v2.async.ThreadPoolAsynchronousRunner$PoolThread-#2- INFO-[2013-10-14 09:18:42,586]-play.Logger.info(Logger.java:290)-sql==SET NAMES utf8
com.mchange.v2.async.ThreadPoolAsynchronousRunner$PoolThread-#1- INFO-[2013-10-14 09:18:42,586]-play.Logger.info(Logger.java:290)-sql==SET sql_mode='STRICT_TRANS_TABLES'
com.mchange.v2.async.ThreadPoolAsynchronousRunner$PoolThread-#0- INFO-[2013-10-14 09:18:42,586]-play.Logger.info(Logger.java:290)-sql==SET collation_connection = utf8_general_ci
com.mchange.v2.async.ThreadPoolAsynchronousRunner$PoolThread-#2- INFO-[2013-10-14 09:18:42,586]-play.Logger.info(Logger.java:290)-sql==SET character_set_results = NULL
com.mchange.v2.async.ThreadPoolAsynchronousRunner$PoolThread-#1- INFO-[2013-10-14 09:18:42,586]-play.Logger.info(Logger.java:290)-sql==SELECT @@session.tx_isolation
com.mchange.v2.async.ThreadPoolAsynchronousRunner$PoolThread-#2- INFO-[2013-10-14 09:18:42,586]-play.Logger.info(Logger.java:290)-sql==SET collation_connection = utf8_general_ci
com.mchange.v2.async.ThreadPoolAsynchronousRunner$PoolThread-#0- INFO-[2013-10-14 09:18:42,586]-play.Logger.info(Logger.java:290)-sql==SET autocommit=1
com.mchange.v2.async.ThreadPoolAsynchronousRunner$PoolThread-#2- INFO-[2013-10-14 09:18:42,586]-play.Logger.info(Logger.java:290)-sql==SET autocommit=1
play-thread-1- INFO-[2013-10-14 09:18:42,586]-play.Logger.info(Logger.java:290)-Connected to jdbc:mysql://192.168.103.108/qsm?useUnicode=yes&characterEncoding=UTF-8&connectionCollation=utf8_general_ci&zeroDateTimeBehavior=convertToNull&statementInterceptors=com.tom.mysql.ShowSqlStatementInterceptor
com.mchange.v2.async.ThreadPoolAsynchronousRunner$PoolThread-#0- INFO-[2013-10-14 09:18:42,586]-play.Logger.info(Logger.java:290)-sql==SET sql_mode='STRICT_TRANS_TABLES'
com.mchange.v2.async.ThreadPoolAsynchronousRunner$PoolThread-#2- INFO-[2013-10-14 09:18:42,617]-play.Logger.info(Logger.java:290)-sql==SET sql_mode='STRICT_TRANS_TABLES'
com.mchange.v2.async.ThreadPoolAsynchronousRunner$PoolThread-#0- INFO-[2013-10-14 09:18:42,617]-play.Logger.info(Logger.java:290)-sql==SELECT @@session.tx_isolation
com.mchange.v2.async.ThreadPoolAsynchronousRunner$PoolThread-#2- INFO-[2013-10-14 09:18:42,617]-play.Logger.info(Logger.java:290)-sql==SELECT @@session.tx_isolation
play-thread-1- INFO-[2013-10-14 09:18:42,805]-org.hibernate.annotations.common.Version.<clinit>(Version.java:37)-HCANN000001: Hibernate Commons Annotations {4.0.1.Final}
play-thread-1- INFO-[2013-10-14 09:18:42,805]-org.hibernate.Version.logVersion(Version.java:41)-HHH000412: Hibernate Core {4.1.3.Final}
play-thread-1- INFO-[2013-10-14 09:18:42,805]-org.hibernate.cfg.Environment.<clinit>(Environment.java:239)-HHH000206: hibernate.properties not found
play-thread-1- INFO-[2013-10-14 09:18:42,820]-org.hibernate.cfg.Environment.buildBytecodeProvider(Environment.java:342)-HHH000021: Bytecode provider name : javassist
play-thread-1- INFO-[2013-10-14 09:18:43,180]-org.hibernate.service.jdbc.connections.internal.ConnectionProviderInitiator.instantiateExplicitConnectionProvider(ConnectionProviderInitiator.java:188)-HHH000130: Instantiating explicit connection provider: org.hibernate.service.jdbc.connections.internal.DatasourceConnectionProviderImpl
play-thread-1- INFO-[2013-10-14 09:18:43,226]-org.hibernate.dialect.Dialect.<init>(Dialect.java:122)-HHH000400: Using dialect: play.db.jpa.MySQLDialect
play-thread-1- INFO-[2013-10-14 09:18:43,242]-org.hibernate.engine.jdbc.internal.LobCreatorBuilder.useContextualLobCreation(LobCreatorBuilder.java:120)-HHH000424: Disabling contextual LOB creation as createClob() method threw error : java.lang.reflect.InvocationTargetException
play-thread-1- INFO-[2013-10-14 09:18:43,242]-org.hibernate.engine.transaction.internal.TransactionFactoryInitiator.initiateService(TransactionFactoryInitiator.java:68)-HHH000399: Using default transaction strategy (direct JDBC transactions)
play-thread-1- INFO-[2013-10-14 09:18:43,258]-org.hibernate.hql.internal.ast.ASTQueryTranslatorFactory.<init>(ASTQueryTranslatorFactory.java:48)-HHH000397: Using ASTQueryTranslatorFactory
play-thread-1-DEBUG-[2013-10-14 09:18:43,617]-play.Logger.debug(Logger.java:233)-Starting Guice modules scanning
play-thread-1-DEBUG-[2013-10-14 09:18:43,617]-play.Logger.debug(Logger.java:233)-Guice modules cleared
play-thread-1- INFO-[2013-10-14 09:18:44,086]-play.Logger.info(Logger.java:290)-Guice injector created with modules: 
class binding.CommonBindModule
class binding.LicencesBindModule
class binding.ProductBindModule
class binding.StockBindModule
class binding.StrategyBindModule
class binding.TradeAccountBindModule
class binding.UserBindModule

play-thread-1- INFO-[2013-10-14 09:18:44,195]-play.Logger.info(Logger.java:290)-Application 'iquantServer' is now started !
play-thread-1- INFO-[2013-10-14 09:18:44,242]-play.Logger.info(Logger.java:290)-loading sql from [E:\iquant_ext\iquantServer\conf\sql]
play-thread-1- INFO-[2013-10-14 09:18:44,258]-play.Logger.info(Logger.java:290)-loading sql from [E:\iquant_ext\iquantServer\conf\sql\common]
play-thread-1- INFO-[2013-10-14 09:18:44,383]-play.Logger.info(Logger.java:290)-loading sql from [E:\iquant_ext\iquantServer\conf\sql\product]
play-thread-1- INFO-[2013-10-14 09:18:44,414]-play.Logger.info(Logger.java:290)-loading sql from [E:\iquant_ext\iquantServer\conf\sql\stock]
play-thread-1- INFO-[2013-10-14 09:18:44,445]-play.Logger.info(Logger.java:290)-loading sql from [E:\iquant_ext\iquantServer\conf\sql\strategy]
play-thread-1- INFO-[2013-10-14 09:18:44,523]-play.Logger.info(Logger.java:290)-loading sql from [E:\iquant_ext\iquantServer\conf\sql\user]
play-thread-1- INFO-[2013-10-14 09:18:44,711]-play.Logger.info(Logger.java:290)-sql==SET autocommit=0
play-thread-1- INFO-[2013-10-14 09:18:44,773]-play.Logger.info(Logger.java:290)-sql==
    SELECT
        id,
        key_name 'key',
        key_value value                     
    FROM
        config_manage
play-thread-1- INFO-[2013-10-14 09:18:44,805]-play.Logger.info(Logger.java:290)-sql==commit
play-thread-1- INFO-[2013-10-14 09:18:44,805]-play.Logger.info(Logger.java:290)-sql==SET autocommit=1
jobs-thread-5- INFO-[2013-10-14 09:18:44,930]-play.Logger.info(Logger.java:290)-启动zmq...
jobs-thread-5- INFO-[2013-10-14 09:18:45,195]-play.Logger.info(Logger.java:290)-zmp已启动, 在端口55555上侦听
