play-thread-1-ERROR-[2013-09-23 14:30:13,944]-play.Logger.niceThrowable(Logger.java:571)-

@6fkp69pjp
Internal Server Error (500) for request GET /

Compilation error (In /app/binding/ProductBindModule.java around line 24)
The file /app/binding/ProductBindModule.java could not be compiled. Error raised is : ProductService cannot be resolved to a type

play.exceptions.CompilationException: ProductService cannot be resolved to a type
	at play.classloading.ApplicationCompiler$2.acceptResult(ApplicationCompiler.java:246)
	at org.eclipse.jdt.internal.compiler.Compiler.handleInternalException(Compiler.java:676)
	at org.eclipse.jdt.internal.compiler.Compiler.compile(Compiler.java:520)
	at play.classloading.ApplicationCompiler.compile(ApplicationCompiler.java:282)
	at play.classloading.ApplicationClassloader.getAllClasses(ApplicationClassloader.java:424)
	at play.Play.start(Play.java:523)
	at play.Play.detectChanges(Play.java:637)
	at play.Invoker$Invocation.init(Invoker.java:197)
	at Invocation.HTTP Request(Play!)
play-thread-1-ERROR-[2013-09-23 14:34:49,194]-play.Logger.error(Logger.java:400)-程序异常:Wrong number of parameters: expected 0, was given 1 Query: findUserStrategyCommentList Parameters: [models.iquantCommon.UserStrategyDiscuss@dc711]
play-thread-1-ERROR-[2013-09-23 14:45:12,693]-play.Logger.error(Logger.java:400)-程序异常:Try to read uid on null object util.LoginTokenCompose (controllers.VirtualProductCt.fetchTradeAccount, line 148)
play-thread-1-ERROR-[2013-09-23 14:45:30,774]-play.Logger.error(Logger.java:400)-程序异常:Try to read uid on null object util.LoginTokenCompose (controllers.VirtualProductCt.fetchTradeAccount, line 148)
play-thread-1-ERROR-[2013-09-23 14:45:47,886]-play.Logger.error(Logger.java:400)-程序异常:Try to read uid on null object util.LoginTokenCompose (models.iquantCommon.BaseUserResourceDtoSupport.fillUserAndProductProperty, line 34)
play-thread-1-ERROR-[2013-09-23 14:55:15,612]-play.Logger.error(Logger.java:400)-程序异常:Try to read uid on null object util.LoginTokenCompose (controllers.VirtualProductCt.fetchTradeAccount, line 148)
play-thread-1-ERROR-[2013-09-23 14:55:18,816]-play.Logger.error(Logger.java:400)-程序异常:Try to read uid on null object util.LoginTokenCompose (controllers.VirtualProductCt.fetchTradeAccount, line 148)
play-thread-1-ERROR-[2013-09-23 15:01:41,565]-play.Logger.error(Logger.java:400)-程序异常:Try to read uid on null object util.LoginTokenCompose (controllers.VirtualProductCt.fetchTradeAccount, line 148)
play-thread-1-ERROR-[2013-09-23 15:01:59,022]-play.Logger.error(Logger.java:400)-程序异常:Try to read uid on null object util.LoginTokenCompose (models.iquantCommon.BaseUserResourceDtoSupport.fillUserAndProductProperty, line 34)
play-thread-1-ERROR-[2013-09-23 15:17:07,415]-play.Logger.error(Logger.java:400)-程序异常:Try to read uid on null object util.LoginTokenCompose (controllers.VirtualProductCt.fetchTradeAccount, line 148)
play-thread-1-ERROR-[2013-09-23 15:31:34,299]-play.Logger.error(Logger.java:400)-程序异常:Try to read uid on null object util.LoginTokenCompose (controllers.VirtualProductCt.fetchTradeAccount, line 148)
